[    4533ms] [ERROR] Failed to load resource: net::ERR_CERT_COMMON_NAME_INVALID @ https://edgecdn-embza6g8cacagcbn.z01.azurefd.net/shared/edgeweb/_nuxt/common-css.DmWTYyhE.css:0
[    4534ms] [ERROR] Failed to load resource: net::ERR_CERT_COMMON_NAME_INVALID @ https://edgecdn-embza6g8cacagcbn.z01.azurefd.net/shared/edgeweb/_nuxt/entry.DvNzrpPM.css:0
[    4534ms] [ERROR] Failed to load resource: net::ERR_CERT_COMMON_NAME_INVALID @ https://edgecdn-embza6g8cacagcbn.z01.azurefd.net/shared/edgeweb/_nuxt/common-js.CZJxSAHY.css:0
[    4534ms] [ERROR] Failed to load resource: net::ERR_CERT_COMMON_NAME_INVALID @ https://edgecdn-embza6g8cacagcbn.z01.azurefd.net/shared/edgeweb/_nuxt/fluent.DoGPjfOJ.css:0
[    4544ms] [ERROR] Failed to load resource: net::ERR_CERT_COMMON_NAME_INVALID @ https://edgecdn-embza6g8cacagcbn.z01.azurefd.net/shared/edgeweb/_nuxt/usePageLayout.Bs9JzXDz.css:0
[    4544ms] [ERROR] Failed to load resource: net::ERR_CERT_COMMON_NAME_INVALID @ https://edgecdn-embza6g8cacagcbn.z01.azurefd.net/shared/edgeweb/_nuxt/MediaItemSlider.DiFgzo1k.css:0
[    5250ms] [ERROR] Failed to load resource: net::ERR_CERT_COMMON_NAME_INVALID @ https://edgecdn-embza6g8cacagcbn.z01.azurefd.net/shared/edgeweb/_nuxt/MediaItemMiniBlockHost.CTWPOcSI.css:0
[    5252ms] [ERROR] Failed to load resource: net::ERR_CERT_COMMON_NAME_INVALID @ https://edgecdn-embza6g8cacagcbn.z01.azurefd.net/shared/edgeweb/_nuxt/BlockGroup.B6jgrGSu.css:0
[    5253ms] [ERROR] Failed to load resource: net::ERR_CERT_COMMON_NAME_INVALID @ https://edgecdn-embza6g8cacagcbn.z01.azurefd.net/shared/edgeweb/_nuxt/BlockPage.C-VPXCP8.css:0
[    5262ms] [ERROR] Failed to load resource: net::ERR_CERT_COMMON_NAME_INVALID @ https://edgecdn-embza6g8cacagcbn.z01.azurefd.net/shared/edgeweb/_nuxt/_...B_bTBQ8X.css:0
[    5262ms] [ERROR] Failed to load resource: net::ERR_CERT_COMMON_NAME_INVALID @ https://edgecdn-embza6g8cacagcbn.z01.azurefd.net/shared/edgeweb/_nuxt/PxSlides.BUx3JH7_.css:0
[    5268ms] [ERROR] Failed to load resource: net::ERR_CERT_COMMON_NAME_INVALID @ https://edgecdn-embza6g8cacagcbn.z01.azurefd.net/shared/edgeweb/_nuxt/PxDropdown.Bhp70taK.css:0
[    5916ms] [ERROR] Failed to load resource: net::ERR_CERT_COMMON_NAME_INVALID @ https://edgecdn-embza6g8cacagcbn.z01.azurefd.net/shared/edgeweb/_nuxt/SlideGrid.B9SVSO_i.css:0
[    5927ms] [ERROR] Failed to load resource: net::ERR_CERT_COMMON_NAME_INVALID @ https://edgecdn-embza6g8cacagcbn.z01.azurefd.net/shared/edgeweb/_nuxt/BannerDefault.D1nTWMp1.css:0
[    5979ms] [ERROR] Failed to load resource: net::ERR_CERT_COMMON_NAME_INVALID @ https://edgecdn-embza6g8cacagcbn.z01.azurefd.net/shared/edgeweb/_nuxt/SlideBackground.z5m4iMrU.css:0
[    5979ms] [ERROR] Failed to load resource: net::ERR_CERT_COMMON_NAME_INVALID @ https://edgecdn-embza6g8cacagcbn.z01.azurefd.net/shared/edgeweb/_nuxt/MediaItemMiniBlockCards.Cvc--Xxd.css:0
[    5992ms] [ERROR] Failed to load resource: net::ERR_CERT_COMMON_NAME_INVALID @ https://edgecdn-embza6g8cacagcbn.z01.azurefd.net/shared/edgeweb/_nuxt/CommonCardList.7iI_bgWQ.css:0
[    5995ms] [ERROR] Failed to load resource: net::ERR_CERT_COMMON_NAME_INVALID @ https://edgecdn-embza6g8cacagcbn.z01.azurefd.net/shared/edgeweb/_nuxt/CommonPager.BDSwpxlx.css:0
[    6633ms] [ERROR] Failed to load resource: net::ERR_CERT_COMMON_NAME_INVALID @ https://edgecdn-embza6g8cacagcbn.z01.azurefd.net/shared/edgeweb/_nuxt/BlockSideBySide.DB-U9rcl.css:0
[    6633ms] [ERROR] Failed to load resource: net::ERR_CERT_COMMON_NAME_INVALID @ https://edgecdn-embza6g8cacagcbn.z01.azurefd.net/shared/edgeweb/_nuxt/BlockHeading.uO-I6nc_.css:0
[    6653ms] [ERROR] Failed to load resource: net::ERR_CERT_COMMON_NAME_INVALID @ https://edgecdn-embza6g8cacagcbn.z01.azurefd.net/shared/edgeweb/_nuxt/MediaItemIcon.BgB72Azh.css:0
[    6712ms] [ERROR] Failed to load resource: net::ERR_CERT_COMMON_NAME_INVALID @ https://edgecdn-embza6g8cacagcbn.z01.azurefd.net/shared/edgeweb/_nuxt/EmbedParallaxContainerBackground.JyjPnMBN.css:0
[    6712ms] [ERROR] Failed to load resource: net::ERR_CERT_COMMON_NAME_INVALID @ https://edgecdn-embza6g8cacagcbn.z01.azurefd.net/shared/edgeweb/_nuxt/EmbedPopup.0DDjFbQ6.css:0
[    6713ms] [ERROR] Failed to load resource: net::ERR_CERT_COMMON_NAME_INVALID @ https://edgecdn-embza6g8cacagcbn.z01.azurefd.net/shared/edgeweb/_nuxt/SlidePlayer.26PSrNBH.css:0
